<?xml version="1.0" encoding="UTF-8"?>
<!-- Generated by org.testng.reporters.JUnitReportReporter -->
<testsuite skipped="1" hostname="HP" name="com.dataprovider.Enableanddisable" tests="5" failures="0" timestamp="09 Nov 2018 17:02:13 GMT" time="0.058" errors="0">
  <testcase name="tesTwo" time="0.023" classname="com.dataprovider.Enableanddisable"/>
  <testcase name="testFive" time="0.004" classname="com.dataprovider.Enableanddisable"/>
  <testcase name="testThree" time="0.005" classname="com.dataprovider.Enableanddisable"/>
  <testcase name="testOne" time="0.026" classname="com.dataprovider.Enableanddisable"/>
  <testcase name="testFour" classname="com.dataprovider.Enableanddisable">
    <skipped/>
  </testcase> <!-- testFour -->
</testsuite> <!-- com.dataprovider.Enableanddisable -->
