<?xml version="1.0" encoding="UTF-8"?>
<!-- Generated by org.testng.reporters.JUnitReportReporter -->
<testsuite skipped="0" hostname="HP" name="com.project.withoutpagefactory.Zohocrm" tests="1" failures="0" timestamp="24 Oct 2018 06:29:51 GMT" time="116.235" errors="0">
  <testcase name="dealsCRM" time="116.235" classname="com.project.withoutpagefactory.Zohocrm"/>
</testsuite> <!-- com.project.withoutpagefactory.Zohocrm -->
