<?xml version="1.0" encoding="UTF-8"?>
<!-- Generated by org.testng.reporters.JUnitReportReporter -->
<testsuite skipped="0" hostname="HP" name="com.project.Dataprovider.DataProviderTest" tests="2" failures="0" timestamp="18 Nov 2018 09:18:29 GMT" time="108.440" errors="0">
  <testcase name="test" time="34.400" classname="com.project.Dataprovider.DataProviderTest"/>
  <testcase name="test" time="74.040" classname="com.project.Dataprovider.DataProviderTest"/>
</testsuite> <!-- com.project.Dataprovider.DataProviderTest -->
