<?xml version="1.0" encoding="UTF-8"?>
<!-- Generated by org.testng.reporters.JUnitReportReporter -->
<testsuite skipped="0" hostname="HP" name="Zohodealsmodule1.DealsExecution" tests="1" failures="0" timestamp="31 Oct 2018 11:50:27 GMT" time="120.835" errors="0">
  <testcase name="module" time="120.835" classname="Zohodealsmodule1.DealsExecution"/>
</testsuite> <!-- Zohodealsmodule1.DealsExecution -->
