<?xml version="1.0" encoding="UTF-8"?>
<!-- Generated by org.testng.reporters.JUnitReportReporter -->
<testsuite skipped="0" hostname="HP" name="com.dataprovider.Dependson" tests="4" failures="0" timestamp="02 Nov 2018 15:27:23 GMT" time="0.097" errors="0">
  <testcase name="testAdd" time="0.058" classname="com.dataprovider.Dependson"/>
  <testcase name="testDivide" time="0.016" classname="com.dataprovider.Dependson"/>
  <testcase name="testProcessEvenNumbers" time="0.016" classname="com.dataprovider.Dependson"/>
  <testcase name="testProcessRealNumbers" time="0.007" classname="com.dataprovider.Dependson"/>
</testsuite> <!-- com.dataprovider.Dependson -->
