<?xml version="1.0" encoding="UTF-8"?>
<!-- Generated by org.testng.reporters.JUnitReportReporter -->
<testsuite skipped="0" hostname="HP" name="com.project.withoutpagefactory.Zohonew1" tests="1" failures="0" timestamp="26 Oct 2018 06:03:23 GMT" time="119.392" errors="0">
  <testcase name="dealsCRM" time="119.392" classname="com.project.withoutpagefactory.Zohonew1"/>
</testsuite> <!-- com.project.withoutpagefactory.Zohonew1 -->
