<?xml version="1.0" encoding="UTF-8"?>
<!-- Generated by org.testng.reporters.JUnitReportReporter -->
<testsuite skipped="0" hostname="HP" name="com.dataprovider.Dependsonmethodexample" tests="4" failures="0" timestamp="09 Nov 2018 17:02:13 GMT" time="0.060" errors="0">
  <testcase name="testDivide" time="0.014" classname="com.dataprovider.Dependsonmethodexample"/>
  <testcase name="testAdd" time="0.006" classname="com.dataprovider.Dependsonmethodexample"/>
  <testcase name="testProcessEvenNumbers" time="0.007" classname="com.dataprovider.Dependsonmethodexample"/>
  <testcase name="testProcessRealNumbers" time="0.033" classname="com.dataprovider.Dependsonmethodexample"/>
</testsuite> <!-- com.dataprovider.Dependsonmethodexample -->
